2025-10-26 00:18:53 [ERROR]: getting pending requests:
2025-10-26 01:37:50 [INFO]: signup endpoint got hit.
2025-10-26 01:38:21 [INFO]: signup endpoint got hit.
2025-10-26 01:38:23 [INFO]: signup endpoint got hit.
2025-10-26 01:38:28 [INFO]: signup endpoint got hit.
2025-10-26 01:38:29 [INFO]: signup endpoint got hit.
2025-10-26 01:39:28 [INFO]: signup endpoint got hit.
2025-10-26 01:39:32 [INFO]: signup endpoint got hit.
2025-10-26 01:39:47 [INFO]: signup endpoint got hit.
2025-10-26 01:49:16 [INFO]: signup endpoint got hit.
2025-10-26 01:49:31 [INFO]: signup endpoint got hit.
2025-10-26 01:49:33 [INFO]: signup endpoint got hit.
2025-10-26 01:49:35 [INFO]: signup endpoint got hit.
2025-10-26 01:49:36 [INFO]: signup endpoint got hit.
2025-10-26 02:02:51 [INFO]: signup endpoint got hit.
2025-10-26 02:02:52 [INFO]: signup endpoint got hit.
2025-10-26 02:09:09 [INFO]: signup endpoint got hit.
2025-10-26 02:09:37 [INFO]: signup endpoint got hit.
2025-10-26 02:28:04 [INFO]: signup endpoint got hit.
2025-10-26 03:43:16 [INFO]: signup endpoint got hit.
2025-10-26 03:49:16 [INFO]: getUserProfile endpoint hit
2025-10-26 03:49:17 [INFO]: getUserProfile endpoint hit
2025-10-26 03:49:45 [INFO]: getUserProfile endpoint hit
2025-10-26 03:49:45 [INFO]: getUserProfile endpoint hit
2025-10-26 03:50:52 [INFO]: getUserProfile endpoint hit
2025-10-26 03:50:52 [INFO]: getUserProfile endpoint hit
2025-10-26 03:53:07 [INFO]: getUserProfile endpoint hit
2025-10-26 03:53:07 [INFO]: getUserProfile endpoint hit
2025-10-26 03:53:39 [INFO]: getUserProfile endpoint hit
2025-10-26 03:53:39 [INFO]: getUserProfile endpoint hit
2025-10-26 03:55:34 [INFO]: getUserProfile endpoint hit
2025-10-26 03:55:34 [INFO]: getUserProfile endpoint hit
2025-10-26 03:55:43 [INFO]: getUserProfile endpoint hit
2025-10-26 03:55:43 [INFO]: getUserProfile endpoint hit
2025-10-26 04:00:34 [INFO]: getUserProfile endpoint hit
2025-10-26 04:00:34 [INFO]: getUserProfile endpoint hit
2025-10-26 04:00:39 [INFO]: getUserProfile endpoint hit
2025-10-26 04:00:39 [INFO]: getUserProfile endpoint hit
2025-10-26 04:00:42 [INFO]: getUserProfile endpoint hit
2025-10-26 04:00:42 [INFO]: getUserProfile endpoint hit
2025-10-26 04:00:53 [INFO]: getUserProfile endpoint hit
2025-10-26 04:00:53 [INFO]: getUserProfile endpoint hit
2025-10-26 04:01:14 [INFO]: getUserProfile endpoint hit
2025-10-26 04:01:14 [INFO]: getUserProfile endpoint hit
2025-10-26 04:01:21 [INFO]: getUserProfile endpoint hit
2025-10-26 04:01:21 [INFO]: getUserProfile endpoint hit
2025-10-26 04:02:08 [INFO]: getUserProfile endpoint hit
2025-10-26 04:02:08 [INFO]: getUserProfile endpoint hit
2025-10-26 04:02:22 [INFO]: getUserProfile endpoint hit
2025-10-26 04:03:22 [INFO]: getUserProfile endpoint hit
2025-10-26 04:03:22 [INFO]: getUserProfile endpoint hit
2025-10-26 04:05:49 [INFO]: getUserProfile endpoint hit
2025-10-26 04:05:49 [INFO]: getUserProfile endpoint hit
2025-10-26 04:06:14 [INFO]: getUserProfile endpoint hit
2025-10-26 04:06:14 [INFO]: getUserProfile endpoint hit
2025-10-26 04:07:00 [INFO]: getUserProfile endpoint hit
2025-10-26 04:07:00 [INFO]: getUserProfile endpoint hit
2025-10-26 04:28:28 [INFO]: get all user endpoints hit
2025-10-26 04:28:28 [INFO]: get all user endpoints hit
2025-10-26 04:28:45 [INFO]: get all user endpoints hit
2025-10-26 04:28:45 [INFO]: get all user endpoints hit
2025-10-26 04:32:09 [INFO]: get all user endpoints hit
2025-10-26 04:32:09 [INFO]: get all user endpoints hit
2025-10-26 04:34:01 [INFO]: get all user endpoints hit
2025-10-26 04:34:01 [INFO]: get all user endpoints hit
2025-10-26 04:34:09 [INFO]:  send friend request endpoint hit
2025-10-26 04:35:40 [INFO]: get all user endpoints hit
2025-10-26 04:35:40 [INFO]: get all user endpoints hit
2025-10-26 04:35:52 [INFO]:  send friend request endpoint hit
2025-10-26 04:46:22 [INFO]: getAllPendingRequest endpoint hit.
2025-10-26 04:50:14 [INFO]: getAllPendingRequest endpoint hit.
2025-10-26 04:52:42 [INFO]: getAllPendingRequest endpoint hit.
2025-10-26 04:56:58 [INFO]: get all user endpoints hit
2025-10-26 04:56:58 [INFO]: get all user endpoints hit
2025-10-26 05:08:09 [INFO]: get all user endpoints hit
2025-10-26 05:08:09 [INFO]: get all user endpoints hit
2025-10-26 05:09:24 [INFO]: get all user endpoints hit
2025-10-26 05:09:24 [INFO]: get all user endpoints hit
2025-10-26 05:10:17 [INFO]: get all user endpoints hit
2025-10-26 05:10:17 [INFO]: get all user endpoints hit
2025-10-26 05:10:41 [INFO]: get all user endpoints hit
2025-10-26 05:10:41 [INFO]: get all user endpoints hit
2025-10-26 05:10:43 [INFO]: getAllPendingRequest endpoint hit.
2025-10-26 05:10:43 [INFO]: getAllPendingRequest endpoint hit.
2025-10-26 05:16:43 [INFO]: get all user endpoints hit
2025-10-26 05:16:43 [INFO]: get all user endpoints hit
2025-10-26 05:16:44 [INFO]: getAllPendingRequest endpoint hit.
2025-10-26 05:16:44 [INFO]: getAllPendingRequest endpoint hit.
2025-10-26 05:17:56 [INFO]: get all user endpoints hit
2025-10-26 05:17:57 [INFO]: get all user endpoints hit
2025-10-26 05:17:57 [INFO]: getAllPendingRequest endpoint hit.
2025-10-26 05:17:57 [INFO]: getAllPendingRequest endpoint hit.
2025-10-26 05:18:07 [INFO]: get all user endpoints hit
2025-10-26 05:18:07 [INFO]: get all user endpoints hit
2025-10-26 05:18:08 [INFO]: getAllPendingRequest endpoint hit.
2025-10-26 05:18:08 [INFO]: getAllPendingRequest endpoint hit.
2025-10-26 05:20:12 [INFO]: get all user endpoints hit
2025-10-26 05:20:12 [INFO]: get all user endpoints hit
2025-10-26 05:20:20 [INFO]: get all user endpoints hit
2025-10-26 05:20:20 [INFO]: get all user endpoints hit
2025-10-26 05:20:23 [INFO]: getAllPendingRequest endpoint hit.
2025-10-26 05:20:23 [INFO]: getAllPendingRequest endpoint hit.
2025-10-26 05:22:10 [INFO]: get all user endpoints hit
2025-10-26 05:22:11 [INFO]: get all user endpoints hit
2025-10-26 05:22:11 [INFO]: getAllPendingRequest endpoint hit.
2025-10-26 05:22:11 [INFO]: getAllPendingRequest endpoint hit.
2025-10-26 05:22:14 [INFO]: get all user endpoints hit
2025-10-26 05:22:14 [INFO]: get all user endpoints hit
2025-10-26 05:22:16 [INFO]: getAllPendingRequest endpoint hit.
2025-10-26 05:22:16 [INFO]: getAllPendingRequest endpoint hit.
2025-10-26 05:26:46 [INFO]: get all user endpoints hit
2025-10-26 05:26:47 [INFO]: get all user endpoints hit
2025-10-26 05:26:48 [INFO]: getAllPendingRequest endpoint hit.
2025-10-26 05:26:49 [INFO]: getAllPendingRequest endpoint hit.
2025-10-26 05:28:33 [INFO]:  send friend request endpoint hit
2025-10-26 05:28:42 [INFO]:  send friend request endpoint hit
2025-10-26 05:28:50 [INFO]: get all user endpoints hit
2025-10-26 05:28:50 [INFO]: get all user endpoints hit
2025-10-26 05:28:50 [INFO]: getAllPendingRequest endpoint hit.
2025-10-26 05:28:50 [INFO]: getAllPendingRequest endpoint hit.
2025-10-26 05:29:10 [INFO]: getUserProfile endpoint hit
2025-10-26 05:29:10 [INFO]: getUserProfile endpoint hit
2025-10-26 05:30:00 [INFO]: get all user endpoints hit
2025-10-26 05:30:00 [INFO]: get all user endpoints hit
2025-10-26 05:30:00 [INFO]: getAllPendingRequest endpoint hit.
2025-10-26 05:30:00 [INFO]: getAllPendingRequest endpoint hit.
2025-10-26 05:30:03 [INFO]:  send friend request endpoint hit
2025-10-26 05:30:05 [INFO]:  send friend request endpoint hit
2025-10-26 05:30:13 [INFO]: get all user endpoints hit
2025-10-26 05:30:13 [INFO]: get all user endpoints hit
2025-10-26 05:30:15 [INFO]: getAllPendingRequest endpoint hit.
2025-10-26 05:30:15 [INFO]: getAllPendingRequest endpoint hit.
2025-10-26 05:30:22 [INFO]: get all user endpoints hit
2025-10-26 05:30:22 [INFO]: get all user endpoints hit
2025-10-26 05:30:22 [INFO]: getAllPendingRequest endpoint hit.
2025-10-26 05:30:22 [INFO]: getAllPendingRequest endpoint hit.
2025-10-26 05:31:06 [INFO]: get all user endpoints hit
2025-10-26 05:31:06 [INFO]: get all user endpoints hit
2025-10-26 05:31:06 [INFO]: getAllPendingRequest endpoint hit.
2025-10-26 05:31:06 [INFO]: getAllPendingRequest endpoint hit.
2025-10-26 05:31:09 [INFO]: accept friend request hit.
2025-10-26 05:32:09 [INFO]: get all user endpoints hit
2025-10-26 05:32:09 [INFO]: get all user endpoints hit
2025-10-26 05:32:09 [INFO]: getAllPendingRequest endpoint hit.
2025-10-26 05:32:10 [INFO]: getAllPendingRequest endpoint hit.
2025-10-26 05:32:13 [INFO]: get all user endpoints hit
2025-10-26 05:32:13 [INFO]: get all user endpoints hit
2025-10-26 05:32:13 [INFO]: getAllPendingRequest endpoint hit.
2025-10-26 05:32:13 [INFO]: getAllPendingRequest endpoint hit.
2025-10-26 05:35:02 [INFO]: get all user endpoints hit
2025-10-26 05:35:03 [INFO]: get all user endpoints hit
2025-10-26 05:35:06 [INFO]: getAllPendingRequest endpoint hit.
2025-10-26 05:35:06 [INFO]: getAllPendingRequest endpoint hit.
2025-10-26 05:35:51 [INFO]: get all user endpoints hit
2025-10-26 05:35:51 [INFO]: get all user endpoints hit
2025-10-26 05:35:51 [INFO]: getAllPendingRequest endpoint hit.
2025-10-26 05:35:51 [INFO]: getAllPendingRequest endpoint hit.
2025-10-26 05:36:02 [INFO]: get all user endpoints hit
2025-10-26 05:36:02 [INFO]: get all user endpoints hit
2025-10-26 05:36:02 [INFO]: getAllPendingRequest endpoint hit.
2025-10-26 05:36:02 [INFO]: getAllPendingRequest endpoint hit.
2025-10-26 05:36:13 [INFO]: get all user endpoints hit
2025-10-26 05:36:13 [INFO]: get all user endpoints hit
2025-10-26 05:36:13 [INFO]: getAllPendingRequest endpoint hit.
2025-10-26 05:36:13 [INFO]: getAllPendingRequest endpoint hit.
2025-10-26 05:36:28 [INFO]: get all user endpoints hit
2025-10-26 05:36:28 [INFO]: getAllPendingRequest endpoint hit.
2025-10-26 05:36:39 [INFO]: getUserProfile endpoint hit
2025-10-26 05:36:39 [INFO]: getUserProfile endpoint hit
