2025-10-27 00:44:03 [INFO]: join community endpoint hit.
2025-10-27 01:05:23 [INFO]: getUserProfile endpoint hit
2025-10-27 01:05:23 [INFO]: getUserProfile endpoint hit
2025-10-27 01:05:32 [INFO]: join community endpoint hit.
2025-10-27 01:34:24 [INFO]: getUserProfile endpoint hit
2025-10-27 01:34:24 [INFO]: getUserProfile endpoint hit
2025-10-27 01:37:01 [INFO]: getUserProfile endpoint hit
2025-10-27 01:37:01 [INFO]: getUserProfile endpoint hit
2025-10-27 01:40:50 [INFO]: getUserProfile endpoint hit
2025-10-27 01:40:50 [INFO]: getUserProfile endpoint hit
2025-10-27 01:40:56 [INFO]: getUserProfile endpoint hit
2025-10-27 01:40:56 [INFO]: getUserProfile endpoint hit
2025-10-27 01:42:23 [INFO]: join community endpoint hit.
2025-10-27 01:46:53 [INFO]: getUserProfile endpoint hit
2025-10-27 01:46:53 [INFO]: getUserProfile endpoint hit
2025-10-27 01:48:14 [INFO]: getUserProfile endpoint hit
2025-10-27 01:48:14 [INFO]: getUserProfile endpoint hit
2025-10-27 01:48:20 [INFO]: get all user endpoints hit
2025-10-27 01:48:20 [INFO]: get all user endpoints hit
2025-10-27 01:48:20 [INFO]: getAllPendingRequest endpoint hit.
2025-10-27 01:48:21 [INFO]: getAllPendingRequest endpoint hit.
2025-10-27 01:48:49 [INFO]: getUserProfile endpoint hit
2025-10-27 01:48:49 [INFO]: getUserProfile endpoint hit
2025-10-27 11:54:44 [INFO]: getUserProfile endpoint hit
2025-10-27 11:54:44 [INFO]: getUserProfile endpoint hit
2025-10-27 11:55:17 [INFO]: getUserProfile endpoint hit
2025-10-27 11:55:17 [INFO]: getUserProfile endpoint hit
2025-10-27 11:55:52 [INFO]: get all user endpoints hit
2025-10-27 11:55:53 [INFO]: get all user endpoints hit
2025-10-27 11:55:56 [INFO]: getAllPendingRequest endpoint hit.
2025-10-27 11:56:00 [INFO]: getAllPendingRequest endpoint hit.
2025-10-27 11:56:07 [INFO]: getUserProfile endpoint hit
2025-10-27 11:56:08 [INFO]: getUserProfile endpoint hit
2025-10-27 11:56:54 [INFO]: getUserProfile endpoint hit
2025-10-27 11:57:03 [INFO]: join community endpoint hit.
2025-10-27 11:57:05 [INFO]: leave community endpoint hit.
2025-10-27 11:57:15 [INFO]: getUserProfile endpoint hit
2025-10-27 11:57:22 [INFO]: getUserProfile endpoint hit
2025-10-27 11:57:56 [INFO]: getUserProfile endpoint hit
2025-10-27 11:58:06 [INFO]: getUserProfile endpoint hit
2025-10-27 11:58:15 [INFO]: join community endpoint hit.
2025-10-27 11:59:02 [INFO]: getUserProfile endpoint hit
2025-10-27 11:59:02 [INFO]: getUserProfile endpoint hit
2025-10-27 11:59:07 [INFO]: get all user endpoints hit
2025-10-27 11:59:07 [INFO]: get all user endpoints hit
2025-10-27 11:59:07 [INFO]: getAllPendingRequest endpoint hit.
2025-10-27 11:59:07 [INFO]: getAllPendingRequest endpoint hit.
2025-10-27 21:24:04 [INFO]: getUserProfile endpoint hit
2025-10-27 21:24:04 [INFO]: getUserProfile endpoint hit
2025-10-27 21:24:13 [INFO]: leave community endpoint hit.
2025-10-27 21:24:26 [INFO]: join community endpoint hit.
2025-10-27 21:24:53 [INFO]: getUserProfile endpoint hit
2025-10-27 21:24:53 [INFO]: getUserProfile endpoint hit
2025-10-27 21:35:27 [INFO]: getUserProfile endpoint hit
2025-10-27 21:35:27 [INFO]: getUserProfile endpoint hit
2025-10-27 21:35:31 [INFO]: getUserProfile endpoint hit
2025-10-27 21:35:31 [INFO]: getUserProfile endpoint hit
2025-10-27 21:36:28 [INFO]: getUserProfile endpoint hit
2025-10-27 21:36:28 [INFO]: getUserProfile endpoint hit
2025-10-27 21:36:32 [INFO]: getUserProfile endpoint hit
2025-10-27 21:36:32 [INFO]: getUserProfile endpoint hit
2025-10-27 21:37:38 [ERROR]: error in auth middleware
2025-10-27 21:37:38 [ERROR]: error in auth middleware
2025-10-27 21:37:41 [ERROR]: error in auth middleware
2025-10-27 21:37:41 [ERROR]: error in auth middleware
2025-10-27 21:37:42 [ERROR]: error in auth middleware
2025-10-27 21:37:42 [ERROR]: error in auth middleware
2025-10-27 21:37:43 [ERROR]: error in auth middleware
2025-10-27 21:37:43 [ERROR]: error in auth middleware
2025-10-27 21:38:21 [INFO]: getUserProfile endpoint hit
2025-10-27 21:38:21 [INFO]: getUserProfile endpoint hit
2025-10-27 21:38:29 [INFO]: join community endpoint hit.
2025-10-27 21:38:31 [INFO]: getUserProfile endpoint hit
2025-10-27 21:38:31 [INFO]: getUserProfile endpoint hit
2025-10-27 21:45:55 [INFO]: getUserProfile endpoint hit
2025-10-27 21:45:55 [INFO]: getUserProfile endpoint hit
2025-10-27 21:53:46 [INFO]: getUserProfile endpoint hit
2025-10-27 21:53:46 [INFO]: getUserProfile endpoint hit
2025-10-27 21:53:47 [INFO]: getUserProfile endpoint hit
2025-10-27 21:56:12 [INFO]: getUserProfile endpoint hit
2025-10-27 21:56:12 [INFO]: getUserProfile endpoint hit
2025-10-27 21:56:12 [INFO]: getUserProfile endpoint hit
2025-10-27 21:56:12 [INFO]: getUserProfile endpoint hit
2025-10-27 21:56:12 [INFO]: getUserProfile endpoint hit
2025-10-27 21:56:13 [INFO]: getUserProfile endpoint hit
2025-10-27 22:06:48 [INFO]: getUserProfile endpoint hit
2025-10-27 22:06:48 [INFO]: getUserProfile endpoint hit
2025-10-27 22:06:48 [INFO]: getUserProfile endpoint hit
2025-10-27 22:06:48 [INFO]: getUserProfile endpoint hit
2025-10-27 22:06:48 [INFO]: getUserProfile endpoint hit
2025-10-27 22:06:48 [INFO]: getUserProfile endpoint hit
2025-10-27 22:10:37 [INFO]: getUserProfile endpoint hit
2025-10-27 22:10:37 [INFO]: getUserProfile endpoint hit
2025-10-27 22:10:41 [INFO]: getUserProfile endpoint hit
2025-10-27 22:10:41 [INFO]: getUserProfile endpoint hit
2025-10-27 22:10:44 [INFO]: getUserProfile endpoint hit
2025-10-27 22:10:44 [INFO]: getUserProfile endpoint hit
2025-10-27 22:17:25 [INFO]: getUserProfile endpoint hit
2025-10-27 22:17:25 [INFO]: getUserProfile endpoint hit
2025-10-27 22:17:50 [INFO]: getUserProfile endpoint hit
2025-10-27 22:17:50 [INFO]: getUserProfile endpoint hit
2025-10-27 22:21:15 [INFO]: getUserProfile endpoint hit
2025-10-27 22:21:15 [INFO]: getUserProfile endpoint hit
2025-10-27 22:21:21 [INFO]: getUserProfile endpoint hit
2025-10-27 22:21:21 [INFO]: getUserProfile endpoint hit
2025-10-27 22:21:26 [INFO]: getUserProfile endpoint hit
2025-10-27 22:21:26 [INFO]: getUserProfile endpoint hit
2025-10-27 22:21:33 [INFO]: getUserProfile endpoint hit
2025-10-27 22:21:33 [INFO]: getUserProfile endpoint hit
2025-10-27 22:23:23 [INFO]: getUserProfile endpoint hit
2025-10-27 22:23:23 [INFO]: getUserProfile endpoint hit
2025-10-27 22:23:28 [INFO]: getUserProfile endpoint hit
2025-10-27 22:23:28 [INFO]: getUserProfile endpoint hit
2025-10-27 22:26:47 [INFO]: getUserProfile endpoint hit
2025-10-27 22:26:47 [INFO]: getUserProfile endpoint hit
2025-10-27 22:26:53 [INFO]: getUserProfile endpoint hit
2025-10-27 22:26:53 [INFO]: getUserProfile endpoint hit
2025-10-27 22:34:46 [INFO]: getUserProfile endpoint hit
2025-10-27 22:34:46 [INFO]: getUserProfile endpoint hit
2025-10-27 22:34:47 [INFO]: getUserProfile endpoint hit
2025-10-27 22:34:47 [INFO]: getUserProfile endpoint hit
2025-10-27 22:34:48 [INFO]: getUserProfile endpoint hit
2025-10-27 22:34:48 [INFO]: getUserProfile endpoint hit
2025-10-27 22:34:50 [INFO]: getUserProfile endpoint hit
2025-10-27 22:34:50 [INFO]: getUserProfile endpoint hit
2025-10-27 22:34:53 [INFO]: getUserProfile endpoint hit
2025-10-27 22:34:53 [INFO]: getUserProfile endpoint hit
2025-10-27 22:34:53 [INFO]: getUserProfile endpoint hit
2025-10-27 22:34:53 [INFO]: getUserProfile endpoint hit
2025-10-27 22:34:54 [INFO]: getUserProfile endpoint hit
2025-10-27 22:34:55 [INFO]: getUserProfile endpoint hit
2025-10-27 22:34:55 [INFO]: getUserProfile endpoint hit
2025-10-27 22:34:55 [INFO]: getUserProfile endpoint hit
2025-10-27 22:35:19 [INFO]: getUserProfile endpoint hit
2025-10-27 22:35:19 [INFO]: getUserProfile endpoint hit
2025-10-27 22:35:19 [INFO]: getUserProfile endpoint hit
2025-10-27 22:35:19 [INFO]: getUserProfile endpoint hit
2025-10-27 22:58:01 [INFO]: getUserProfile endpoint hit
2025-10-27 22:58:01 [INFO]: getUserProfile endpoint hit
2025-10-27 22:59:23 [INFO]: getUserProfile endpoint hit
2025-10-27 22:59:23 [INFO]: getUserProfile endpoint hit
2025-10-27 22:59:41 [INFO]: getUserProfile endpoint hit
2025-10-27 22:59:41 [INFO]: getUserProfile endpoint hit
2025-10-27 22:59:53 [INFO]: getUserProfile endpoint hit
2025-10-27 22:59:53 [INFO]: getUserProfile endpoint hit
2025-10-27 22:59:57 [INFO]: getUserProfile endpoint hit
2025-10-27 22:59:57 [INFO]: getUserProfile endpoint hit
2025-10-27 23:00:06 [INFO]: getUserProfile endpoint hit
2025-10-27 23:00:06 [INFO]: getUserProfile endpoint hit
